{"level":"info","message":"GET /movies 404 29 - 2.087 ms","timestamp":"2026-02-11 16:26:41"}
{"level":"info","message":"POST /movies 404 29 - 0.262 ms","timestamp":"2026-02-11 16:26:48"}
{"level":"info","message":"GET / 304 - - 10.214 ms","timestamp":"2026-02-11 16:28:53"}
{"level":"info","message":"GET /favicon.ico 404 29 - 0.279 ms","timestamp":"2026-02-11 16:28:53"}
{"level":"info","message":"GET /api-docs 301 158 - 4.340 ms","timestamp":"2026-02-11 16:29:01"}
{"level":"info","message":"GET /api-docs/ 200 3106 - 1.507 ms","timestamp":"2026-02-11 16:29:01"}
{"level":"info","message":"GET /api-docs/swagger-ui-init.js 200 17169 - 0.426 ms","timestamp":"2026-02-11 16:29:01"}
{"level":"info","message":"GET /api-docs/swagger-ui.css 200 177183 - 3.309 ms","timestamp":"2026-02-11 16:29:01"}
{"level":"info","message":"GET /api-docs/swagger-ui-standalone-preset.js 200 252451 - 10.682 ms","timestamp":"2026-02-11 16:29:01"}
{"level":"info","message":"GET /api-docs/swagger-ui-bundle.js 200 1510271 - 4.217 ms","timestamp":"2026-02-11 16:29:01"}
{"level":"info","message":"GET /api-docs/favicon-32x32.png 200 628 - 0.722 ms","timestamp":"2026-02-11 16:29:01"}
{"level":"info","message":"GET /api/v1/api/v1/movies?page=1 404 29 - 0.238 ms","timestamp":"2026-02-11 16:29:51"}
{"level":"info","message":"POST /api/v1/api/v1/auth/register 404 29 - 0.249 ms","timestamp":"2026-02-11 16:31:42"}
{"level":"info","message":"POST /api/v1/api/v1/auth/login 404 29 - 0.169 ms","timestamp":"2026-02-11 16:32:27"}
{"level":"info","message":"POST /api/v1/api/v1/auth/login 404 29 - 0.225 ms","timestamp":"2026-02-11 16:32:29"}
{"level":"info","message":"POST /api/v1/api/v1/auth/register 404 29 - 0.148 ms","timestamp":"2026-02-11 16:33:23"}
{"level":"info","message":"POST /api/v1/api/v1/auth/register 404 29 - 0.156 ms","timestamp":"2026-02-11 16:33:39"}
{"level":"info","message":"POST /api/v1/api/v1/auth/register 404 29 - 0.151 ms","timestamp":"2026-02-11 16:33:39"}
{"level":"info","message":"GET /api-docs/ 304 - - 0.622 ms","timestamp":"2026-02-11 16:34:13"}
{"level":"info","message":"GET /api-docs/swagger-ui.css 304 - - 1.904 ms","timestamp":"2026-02-11 16:34:13"}
{"level":"info","message":"GET /api-docs/swagger-ui-bundle.js 304 - - 1.924 ms","timestamp":"2026-02-11 16:34:13"}
{"level":"info","message":"GET /api-docs/swagger-ui-standalone-preset.js 304 - - 0.485 ms","timestamp":"2026-02-11 16:34:13"}
{"level":"info","message":"GET /api-docs/swagger-ui-init.js 304 - - 0.310 ms","timestamp":"2026-02-11 16:34:13"}
{"level":"info","message":"GET /api-docs/favicon-32x32.png 304 - - 0.915 ms","timestamp":"2026-02-11 16:34:13"}
{"level":"info","message":"POST /api/v1/api/v1/auth/register 404 29 - 0.129 ms","timestamp":"2026-02-11 16:34:42"}
{"level":"info","message":"POST /api/v1/api/v1/auth/register 404 29 - 3.753 ms","timestamp":"2026-02-11 16:39:01"}
{"level":"info","message":"GET /api-docs/ 304 - - 4.631 ms","timestamp":"2026-02-11 16:39:09"}
{"level":"info","message":"GET /api-docs/swagger-ui.css 304 - - 3.152 ms","timestamp":"2026-02-11 16:39:09"}
{"level":"info","message":"GET /api-docs/swagger-ui-bundle.js 304 - - 3.207 ms","timestamp":"2026-02-11 16:39:09"}
{"level":"info","message":"GET /api-docs/swagger-ui-standalone-preset.js 304 - - 0.468 ms","timestamp":"2026-02-11 16:39:09"}
{"level":"info","message":"GET /api-docs/swagger-ui-init.js 200 17134 - 0.527 ms","timestamp":"2026-02-11 16:39:09"}
{"level":"info","message":"GET /api-docs/favicon-32x32.png 304 - - 0.488 ms","timestamp":"2026-02-11 16:39:09"}
{"level":"info","message":"GET /api-docs/ 304 - - 0.718 ms","timestamp":"2026-02-11 16:39:10"}
{"level":"info","message":"GET /api-docs/swagger-ui.css 304 - - 0.378 ms","timestamp":"2026-02-11 16:39:10"}
{"level":"info","message":"GET /api-docs/swagger-ui-bundle.js 304 - - 1.268 ms","timestamp":"2026-02-11 16:39:10"}
{"level":"info","message":"GET /api-docs/swagger-ui-standalone-preset.js 304 - - 1.497 ms","timestamp":"2026-02-11 16:39:10"}
{"level":"info","message":"GET /api-docs/swagger-ui-init.js 304 - - 0.414 ms","timestamp":"2026-02-11 16:39:10"}
{"level":"info","message":"GET /api-docs/favicon-32x32.png 304 - - 0.470 ms","timestamp":"2026-02-11 16:39:10"}
{"level":"info","message":"POST /api/v1/auth/register 500 93 - 218.351 ms","timestamp":"2026-02-11 16:39:38"}
{"level":"info","message":"POST /api/v1/auth/register 500 93 - 184.260 ms","timestamp":"2026-02-11 16:40:02"}
{"level":"info","message":"POST /api/v1/auth/login 401 90 - 86.658 ms","timestamp":"2026-02-11 16:40:46"}
{"level":"info","message":"GET /api/v1/movies 401 106 - 0.512 ms","timestamp":"2026-02-11 16:41:06"}
{"level":"info","message":"GET /api/v1/movies?page=1&limit=10 401 106 - 0.549 ms","timestamp":"2026-02-11 16:41:25"}
{"level":"info","message":"GET /api/v1/movies/find?q=a 401 106 - 0.592 ms","timestamp":"2026-02-11 16:42:15"}
{"level":"info","message":"GET /api-docs/ 304 - - 1.034 ms","timestamp":"2026-02-11 16:42:38"}
{"level":"info","message":"GET /api-docs/swagger-ui.css 304 - - 0.431 ms","timestamp":"2026-02-11 16:42:38"}
{"level":"info","message":"GET /api-docs/swagger-ui-bundle.js 304 - - 1.775 ms","timestamp":"2026-02-11 16:42:38"}
{"level":"info","message":"GET /api-docs/swagger-ui-standalone-preset.js 304 - - 1.300 ms","timestamp":"2026-02-11 16:42:38"}
{"level":"info","message":"GET /api-docs/swagger-ui-init.js 304 - - 0.383 ms","timestamp":"2026-02-11 16:42:38"}
{"level":"info","message":"GET /api-docs/favicon-32x32.png 304 - - 0.324 ms","timestamp":"2026-02-11 16:42:38"}
{"level":"info","message":"GET /api/v1/movies 401 106 - 0.516 ms","timestamp":"2026-02-11 16:43:08"}
{"level":"info","message":"GET /api/v1/movies?page=1&limit=10 401 106 - 0.314 ms","timestamp":"2026-02-11 16:43:16"}
{"level":"info","message":"POST /movies 404 29 - 0.125 ms","timestamp":"2026-02-11 16:43:29"}
{"level":"info","message":"POST /api/v1/movies 401 106 - 0.426 ms","timestamp":"2026-02-11 16:43:57"}
{"level":"info","message":"GET /api-docs/ 304 - - 1.348 ms","timestamp":"2026-02-11 16:48:29"}
{"level":"info","message":"GET /api-docs/swagger-ui.css 304 - - 4.106 ms","timestamp":"2026-02-11 16:48:29"}
{"level":"info","message":"GET /api-docs/swagger-ui-bundle.js 304 - - 4.768 ms","timestamp":"2026-02-11 16:48:29"}
{"level":"info","message":"GET /api-docs/swagger-ui-init.js 304 - - 0.349 ms","timestamp":"2026-02-11 16:48:29"}
{"level":"info","message":"GET /api-docs/swagger-ui-standalone-preset.js 304 - - 6.969 ms","timestamp":"2026-02-11 16:48:29"}
{"level":"info","message":"POST /api/v1/auth/register 500 93 - 183.822 ms","timestamp":"2026-02-11 16:51:15"}
{"level":"info","message":"POST /api/v1/auth/register 500 93 - 208.153 ms","timestamp":"2026-02-11 16:53:20"}
{"level":"info","message":"POST /api/v1/auth/register 400 132 - 10011.624 ms","timestamp":"2026-02-11 16:58:04"}
{"level":"info","message":"GET /api-docs/ 304 - - 2.320 ms","timestamp":"2026-02-11 16:58:16"}
{"level":"info","message":"GET /api-docs/swagger-ui.css 304 - - 3.108 ms","timestamp":"2026-02-11 16:58:16"}
{"level":"info","message":"GET /api-docs/swagger-ui-bundle.js 304 - - 2.692 ms","timestamp":"2026-02-11 16:58:16"}
{"level":"info","message":"GET /api-docs/swagger-ui-init.js 304 - - 0.528 ms","timestamp":"2026-02-11 16:58:16"}
{"level":"info","message":"GET /api-docs/swagger-ui-standalone-preset.js 304 - - 3.862 ms","timestamp":"2026-02-11 16:58:16"}
{"level":"info","message":"GET /api-docs/favicon-32x32.png 304 - - 0.585 ms","timestamp":"2026-02-11 16:58:17"}
{"level":"info","message":"POST /api/v1/auth/register 400 132 - 10008.662 ms","timestamp":"2026-02-11 16:58:50"}
{"level":"info","message":"GET /api-docs/ 304 - - 6.282 ms","timestamp":"2026-02-11 17:01:52"}
{"level":"info","message":"GET /api-docs/swagger-ui.css 304 - - 3.245 ms","timestamp":"2026-02-11 17:01:53"}
{"level":"info","message":"GET /api-docs/swagger-ui-bundle.js 304 - - 2.747 ms","timestamp":"2026-02-11 17:01:53"}
{"level":"info","message":"GET /api-docs/swagger-ui-init.js 304 - - 0.307 ms","timestamp":"2026-02-11 17:01:53"}
{"level":"info","message":"GET /api-docs/swagger-ui-standalone-preset.js 304 - - 2.974 ms","timestamp":"2026-02-11 17:01:53"}
{"level":"info","message":"GET /api-docs/favicon-32x32.png 304 - - 0.380 ms","timestamp":"2026-02-11 17:01:53"}
{"level":"info","message":"POST /api/v1/auth/register 500 93 - 203.602 ms","timestamp":"2026-02-11 17:02:01"}
